[INFO  - 2018-10-16T17:04:25.564Z] GhostDriver - Main - running on port 9784
[INFO  - 2018-10-16T17:04:29.896Z] Session [8b9af310-d165-11e8-9fa1-af1fd14d8a73] - page.settings - {"XSSAuditingEnabled":false,"javascriptCanCloseWindows":true,"javascriptCanOpenWindows":true,"javascriptEnabled":true,"loadImages":true,"localToRemoteUrlAccessEnabled":false,"userAgent":"Mozilla/5.0 (Windows NT 6.2; WOW64) AppleWebKit/538.1 (KHTML, like Gecko) PhantomJS/2.1.1 Safari/538.1","webSecurityEnabled":true}
[INFO  - 2018-10-16T17:04:29.896Z] Session [8b9af310-d165-11e8-9fa1-af1fd14d8a73] - page.customHeaders:  - {}
[INFO  - 2018-10-16T17:04:29.897Z] Session [8b9af310-d165-11e8-9fa1-af1fd14d8a73] - Session.negotiatedCapabilities - {"browserName":"phantomjs","version":"2.1.1","driverName":"ghostdriver","driverVersion":"1.2.0","platform":"windows-10-32bit","javascriptEnabled":true,"takesScreenshot":true,"handlesAlerts":false,"databaseEnabled":false,"locationContextEnabled":false,"applicationCacheEnabled":false,"browserConnectionEnabled":false,"cssSelectorsEnabled":true,"webStorageEnabled":false,"rotatable":false,"acceptSslCerts":false,"nativeEvents":true,"proxy":{"proxyType":"direct"}}
[INFO  - 2018-10-16T17:04:29.897Z] SessionManagerReqHand - _postNewSessionCommand - New Session Created: 8b9af310-d165-11e8-9fa1-af1fd14d8a73
[ERROR - 2018-10-16T17:04:31.786Z] Session [8b9af310-d165-11e8-9fa1-af1fd14d8a73] - page.onError - msg: TypeError: null is not an object (evaluating 'da_ua.match(/Version\/([0-9\.]+)/i)[1]')

  phantomjs://platform/console++.js:263 in error
[ERROR - 2018-10-16T17:04:31.786Z] Session [8b9af310-d165-11e8-9fa1-af1fd14d8a73] - page.onError - stack:
  searchBrowserVersion (https://ssl.pstatic.net/tveta/libs/assets/js/pc/main/min/pc.veta.core.min.js?20170421:1)
  init (https://ssl.pstatic.net/tveta/libs/assets/js/pc/main/min/pc.veta.core.min.js?20170421:1)

  phantomjs://platform/console++.js:263 in error
[ERROR - 2018-10-16T17:04:32.076Z] Session [8b9af310-d165-11e8-9fa1-af1fd14d8a73] - page.onError - msg: TypeError: null is not an object (evaluating 'da_ua.match(/Version\/([0-9\.]+)/i)[1]')

  phantomjs://platform/console++.js:263 in error
[ERROR - 2018-10-16T17:04:32.076Z] Session [8b9af310-d165-11e8-9fa1-af1fd14d8a73] - page.onError - stack:
  searchBrowserVersion (https://ssl.pstatic.net/tveta/libs/assets/js/pc/main/min/pc.veta.core.min.js?20180328:1)
  init (https://ssl.pstatic.net/tveta/libs/assets/js/pc/main/min/pc.veta.core.min.js?20180328:1)

  phantomjs://platform/console++.js:263 in error
[ERROR - 2018-10-16T17:04:32.189Z] Session [8b9af310-d165-11e8-9fa1-af1fd14d8a73] - page.onError - msg: TypeError: null is not an object (evaluating 'da_ua.match(/Version\/([0-9\.]+)/i)[1]')

  phantomjs://platform/console++.js:263 in error
[ERROR - 2018-10-16T17:04:32.189Z] Session [8b9af310-d165-11e8-9fa1-af1fd14d8a73] - page.onError - stack:
  searchBrowserVersion (https://ssl.pstatic.net/tveta/libs/assets/js/pc/main/min/pc.veta.core.min.js?20170222:1)
  init (https://ssl.pstatic.net/tveta/libs/assets/js/pc/main/min/pc.veta.core.min.js?20170222:1)

  phantomjs://platform/console++.js:263 in error
[ERROR - 2018-10-16T17:04:32.290Z] Session [8b9af310-d165-11e8-9fa1-af1fd14d8a73] - page.onError - msg: TypeError: undefined is not a constructor (evaluating 'new Nimp')

  phantomjs://platform/console++.js:263 in error
[ERROR - 2018-10-16T17:04:32.290Z] Session [8b9af310-d165-11e8-9fa1-af1fd14d8a73] - page.onError - stack:
  initAd (https://nv.veta.naver.com/fxshow?su=SU10079&nrefreshx=0:28)
  onload (https://nv.veta.naver.com/fxshow?su=SU10079&nrefreshx=0:112)

  phantomjs://platform/console++.js:263 in error
[ERROR - 2018-10-16T17:04:32.695Z] Session [8b9af310-d165-11e8-9fa1-af1fd14d8a73] - page.onError - msg: TypeError: undefined is not a constructor (evaluating 'new Nimp')

  phantomjs://platform/console++.js:263 in error
[ERROR - 2018-10-16T17:04:32.696Z] Session [8b9af310-d165-11e8-9fa1-af1fd14d8a73] - page.onError - stack:
  initAd (https://nv.veta.naver.com/fxshow?su=SU10078&nrefreshx=0:89)
  lazyLoading (https://nv.veta.naver.com/fxshow?su=SU10078&nrefreshx=0:84)
  onload (https://nv.veta.naver.com/fxshow?su=SU10078&nrefreshx=0:73)

  phantomjs://platform/console++.js:263 in error
[ERROR - 2018-10-16T17:04:41.733Z] Session [8b9af310-d165-11e8-9fa1-af1fd14d8a73] - page.onError - msg: TypeError: null is not an object (evaluating 'da_ua.match(/Version\/([0-9\.]+)/i)[1]')

  phantomjs://platform/console++.js:263 in error
[ERROR - 2018-10-16T17:04:41.733Z] Session [8b9af310-d165-11e8-9fa1-af1fd14d8a73] - page.onError - stack:
  searchBrowserVersion (https://ssl.pstatic.net/tveta/libs/assets/js/pc/main/min/pc.veta.core.min.js?20180330:1)
  init (https://ssl.pstatic.net/tveta/libs/assets/js/pc/main/min/pc.veta.core.min.js?20180330:1)

  phantomjs://platform/console++.js:263 in error
[ERROR - 2018-10-16T17:04:41.998Z] Session [8b9af310-d165-11e8-9fa1-af1fd14d8a73] - page.onError - msg: TypeError: undefined is not a constructor (evaluating 'new NBP_CORP.Nimp()')

  phantomjs://platform/console++.js:263 in error
[ERROR - 2018-10-16T17:04:41.998Z] Session [8b9af310-d165-11e8-9fa1-af1fd14d8a73] - page.onError - stack:
  (anonymous function) (undefined:15)

  phantomjs://platform/console++.js:263 in error
